<?xml version="1.0" encoding="UTF-8"?>
<!-- Generated by org.testng.reporters.JUnitXMLReporter -->
<testsuite hostname="DESKTOP-LFVEGP4" ignored="0" name="Test" tests="3" failures="0" timestamp="2023-06-04T10:09:43 EDT" time="78.26" errors="0">
  <testcase name="runCreateLead" time="10.561" classname="week6.day2.inclasspractice.dp.CreateLead"/>
  <testcase name="runCreateLead" time="10.83" classname="week6.day2.inclasspractice.dp.CreateLead"/>
  <testcase name="runEditLead" time="12.201" classname="week6.day2.inclasspractice.dp.EditLead"/>
</testsuite> <!-- Test -->
