<?xml version="1.0" encoding="UTF-8"?>
<testng-results ignored="0" total="4" passed="4" failed="0" skipped="0">
  <reporter-output>
  </reporter-output>
  <suite started-at="2023-06-15T19:33:09 GMT-04:00" name="Default suite" finished-at="2023-06-15T19:34:51 GMT-04:00" duration-ms="102038">
    <groups>
      <group name="cucumber">
        <method signature="AbstractTestNGCucumberTests.runScenario(io.cucumber.testng.PickleWrapper,io.cucumber.testng.FeatureWrapper)[pri:0, instance:runner.T006TestNGAnnotations@7161d8d1]" name="runScenario" class="io.cucumber.testng.AbstractTestNGCucumberTests"/>
      </group> <!-- cucumber -->
    </groups>
    <test started-at="2023-06-15T19:33:09 GMT-04:00" name="Default test" finished-at="2023-06-15T19:34:51 GMT-04:00" duration-ms="102038">
      <class name="runner.T006TestNGAnnotations">
        <test-method is-config="true" signature="setUpClass(org.testng.ITestContext)[pri:0, instance:runner.T006TestNGAnnotations@7161d8d1]" started-at="2023-06-15T19:33:09 GMT-04:00" name="setUpClass" finished-at="2023-06-15T19:33:10 GMT-04:00" duration-ms="611" status="PASS">
          <params>
            <param index="0">
              <value>
                <![CDATA[org.testng.TestRunner@2e6d76ba]]>
              </value>
            </param>
          </params>
          <reporter-output>
          </reporter-output>
        </test-method> <!-- setUpClass -->
        <test-method is-config="true" signature="precondition()[pri:0, instance:runner.T006TestNGAnnotations@7161d8d1]" started-at="2023-06-15T19:33:10 GMT-04:00" name="precondition" finished-at="2023-06-15T19:33:27 GMT-04:00" duration-ms="17673" status="PASS">
          <reporter-output>
          </reporter-output>
        </test-method> <!-- precondition -->
        <test-method signature="runScenario(io.cucumber.testng.PickleWrapper,io.cucumber.testng.FeatureWrapper)[pri:0, instance:runner.T006TestNGAnnotations@7161d8d1]" started-at="2023-06-15T19:33:27 GMT-04:00" name="runScenario" description="Runs Cucumber Scenarios" data-provider="scenarios" finished-at="2023-06-15T19:33:31 GMT-04:00" duration-ms="3923" status="PASS">
          <params>
            <param index="0">
              <value>
                <![CDATA["Login for positive credentials - Parameterization -verification"]]>
              </value>
            </param>
            <param index="1">
              <value>
                <![CDATA["Login functionality fo LeafTab Applicaiton"]]>
              </value>
            </param>
          </params>
          <reporter-output>
          </reporter-output>
        </test-method> <!-- runScenario -->
        <test-method is-config="true" signature="precodition()[pri:0, instance:runner.T006TestNGAnnotations@7161d8d1]" started-at="2023-06-15T19:33:31 GMT-04:00" name="precodition" finished-at="2023-06-15T19:33:33 GMT-04:00" duration-ms="1369" status="PASS">
          <reporter-output>
          </reporter-output>
        </test-method> <!-- precodition -->
        <test-method is-config="true" signature="precondition()[pri:0, instance:runner.T006TestNGAnnotations@7161d8d1]" started-at="2023-06-15T19:33:33 GMT-04:00" name="precondition" finished-at="2023-06-15T19:33:45 GMT-04:00" duration-ms="11914" status="PASS">
          <reporter-output>
          </reporter-output>
        </test-method> <!-- precondition -->
        <test-method signature="runScenario(io.cucumber.testng.PickleWrapper,io.cucumber.testng.FeatureWrapper)[pri:0, instance:runner.T006TestNGAnnotations@7161d8d1]" started-at="2023-06-15T19:33:45 GMT-04:00" name="runScenario" description="Runs Cucumber Scenarios" data-provider="scenarios" finished-at="2023-06-15T19:33:46 GMT-04:00" duration-ms="1496" status="PASS">
          <params>
            <param index="0">
              <value>
                <![CDATA["Login for invalid credentials  - Parameterization -verification"]]>
              </value>
            </param>
            <param index="1">
              <value>
                <![CDATA["Login functionality fo LeafTab Applicaiton"]]>
              </value>
            </param>
          </params>
          <reporter-output>
          </reporter-output>
        </test-method> <!-- runScenario -->
        <test-method is-config="true" signature="precodition()[pri:0, instance:runner.T006TestNGAnnotations@7161d8d1]" started-at="2023-06-15T19:33:46 GMT-04:00" name="precodition" finished-at="2023-06-15T19:33:51 GMT-04:00" duration-ms="5334" status="PASS">
          <reporter-output>
          </reporter-output>
        </test-method> <!-- precodition -->
        <test-method is-config="true" signature="precondition()[pri:0, instance:runner.T006TestNGAnnotations@7161d8d1]" started-at="2023-06-15T19:33:51 GMT-04:00" name="precondition" finished-at="2023-06-15T19:34:01 GMT-04:00" duration-ms="9463" status="PASS">
          <reporter-output>
          </reporter-output>
        </test-method> <!-- precondition -->
        <test-method signature="runScenario(io.cucumber.testng.PickleWrapper,io.cucumber.testng.FeatureWrapper)[pri:0, instance:runner.T006TestNGAnnotations@7161d8d1]" started-at="2023-06-15T19:34:01 GMT-04:00" name="runScenario" description="Runs Cucumber Scenarios" data-provider="scenarios" finished-at="2023-06-15T19:34:17 GMT-04:00" duration-ms="16380" status="PASS">
          <params>
            <param index="0">
              <value>
                <![CDATA["Create Lead"]]>
              </value>
            </param>
            <param index="1">
              <value>
                <![CDATA["Create leads with multiple Data"]]>
              </value>
            </param>
          </params>
          <reporter-output>
          </reporter-output>
        </test-method> <!-- runScenario -->
        <test-method is-config="true" signature="precodition()[pri:0, instance:runner.T006TestNGAnnotations@7161d8d1]" started-at="2023-06-15T19:34:17 GMT-04:00" name="precodition" finished-at="2023-06-15T19:34:19 GMT-04:00" duration-ms="1742" status="PASS">
          <reporter-output>
          </reporter-output>
        </test-method> <!-- precodition -->
        <test-method is-config="true" signature="precondition()[pri:0, instance:runner.T006TestNGAnnotations@7161d8d1]" started-at="2023-06-15T19:34:19 GMT-04:00" name="precondition" finished-at="2023-06-15T19:34:33 GMT-04:00" duration-ms="13743" status="PASS">
          <reporter-output>
          </reporter-output>
        </test-method> <!-- precondition -->
        <test-method signature="runScenario(io.cucumber.testng.PickleWrapper,io.cucumber.testng.FeatureWrapper)[pri:0, instance:runner.T006TestNGAnnotations@7161d8d1]" started-at="2023-06-15T19:34:33 GMT-04:00" name="runScenario" description="Runs Cucumber Scenarios" data-provider="scenarios" finished-at="2023-06-15T19:34:46 GMT-04:00" duration-ms="12965" status="PASS">
          <params>
            <param index="0">
              <value>
                <![CDATA["Create Lead"]]>
              </value>
            </param>
            <param index="1">
              <value>
                <![CDATA["Create leads with multiple Data"]]>
              </value>
            </param>
          </params>
          <reporter-output>
          </reporter-output>
        </test-method> <!-- runScenario -->
        <test-method is-config="true" signature="precodition()[pri:0, instance:runner.T006TestNGAnnotations@7161d8d1]" started-at="2023-06-15T19:34:46 GMT-04:00" name="precodition" finished-at="2023-06-15T19:34:46 GMT-04:00" duration-ms="480" status="PASS">
          <reporter-output>
          </reporter-output>
        </test-method> <!-- precodition -->
        <test-method is-config="true" signature="tearDownClass()[pri:0, instance:runner.T006TestNGAnnotations@7161d8d1]" started-at="2023-06-15T19:34:46 GMT-04:00" name="tearDownClass" finished-at="2023-06-15T19:34:51 GMT-04:00" duration-ms="4904" status="PASS">
          <reporter-output>
          </reporter-output>
        </test-method> <!-- tearDownClass -->
      </class> <!-- runner.T006TestNGAnnotations -->
    </test> <!-- Default test -->
  </suite> <!-- Default suite -->
</testng-results>
